d:\my documents\gamedev\sem 8\data com\customgameenginelib\customgameenginelib\x64\debug\customgameenginelib.pdb
d:\my documents\gamedev\sem 8\data com\customgameenginelib\customgameenginelib\x64\debug\customgameenginelib.idb
d:\my documents\gamedev\sem 8\data com\customgameenginelib\customgameenginelib\x64\debug\shader.obj
d:\my documents\gamedev\sem 8\data com\customgameenginelib\customgameenginelib\x64\debug\rotationaffector.obj
d:\my documents\gamedev\sem 8\data com\customgameenginelib\customgameenginelib\x64\debug\quademittershape.obj
d:\my documents\gamedev\sem 8\data com\customgameenginelib\customgameenginelib\x64\debug\pulsingaffector.obj
d:\my documents\gamedev\sem 8\data com\customgameenginelib\customgameenginelib\x64\debug\particlesystem.obj
d:\my documents\gamedev\sem 8\data com\customgameenginelib\customgameenginelib\x64\debug\particleobject.obj
d:\my documents\gamedev\sem 8\data com\customgameenginelib\customgameenginelib\x64\debug\noiseaffector.obj
d:\my documents\gamedev\sem 8\data com\customgameenginelib\customgameenginelib\x64\debug\matrix.obj
d:\my documents\gamedev\sem 8\data com\customgameenginelib\customgameenginelib\x64\debug\input.obj
d:\my documents\gamedev\sem 8\data com\customgameenginelib\customgameenginelib\x64\debug\gravityaffector.obj
d:\my documents\gamedev\sem 8\data com\customgameenginelib\customgameenginelib\x64\debug\gameobject.obj
d:\my documents\gamedev\sem 8\data com\customgameenginelib\customgameenginelib\x64\debug\curves.obj
d:\my documents\gamedev\sem 8\data com\customgameenginelib\customgameenginelib\x64\debug\coloraffector.obj
d:\my documents\gamedev\sem 8\data com\customgameenginelib\customgameenginelib\x64\debug\collidermanager.obj
d:\my documents\gamedev\sem 8\data com\customgameenginelib\customgameenginelib\x64\debug\collider.obj
d:\my documents\gamedev\sem 8\data com\customgameenginelib\customgameenginelib\x64\debug\circleringemittershape.obj
d:\my documents\gamedev\sem 8\data com\customgameenginelib\customgameenginelib\x64\debug\circleemittershape.obj
d:\my documents\gamedev\sem 8\data com\customgameenginelib\customgameenginelib\x64\debug\behavior.obj
d:\my documents\gamedev\sem 8\data com\customgameenginelib\customgameenginelib\x64\debug\audio.obj
d:\my documents\gamedev\sem 8\data com\customgameenginelib\customgameenginelib\x64\debug\application.obj
d:\my documents\gamedev\sem 8\data com\customgameenginelib\customgameenginelib\x64\debug\vector.obj
d:\my documents\gamedev\sem 8\data com\customgameenginelib\customgameenginelib\x64\debug\sprite.obj
d:\my documents\gamedev\sem 8\data com\customgameenginelib\customgameenginelib\x64\debug\speedaffector.obj
d:\my documents\gamedev\sem 8\data com\customgameenginelib\customgameenginelib\x64\debug\sizeaffector.obj
d:\my documents\gamedev\sem 8\data com\customgameenginelib\x64\debug\customgameenginelib.lib
d:\my documents\gamedev\sem 8\data com\customgameenginelib\customgameenginelib\x64\debug\customga.b84b8035.tlog\cl.command.1.tlog
d:\my documents\gamedev\sem 8\data com\customgameenginelib\customgameenginelib\x64\debug\customga.b84b8035.tlog\cl.read.1.tlog
d:\my documents\gamedev\sem 8\data com\customgameenginelib\customgameenginelib\x64\debug\customga.b84b8035.tlog\cl.write.1.tlog
d:\my documents\gamedev\sem 8\data com\customgameenginelib\customgameenginelib\x64\debug\customga.b84b8035.tlog\lib-link.read.1.tlog
d:\my documents\gamedev\sem 8\data com\customgameenginelib\customgameenginelib\x64\debug\customga.b84b8035.tlog\lib-link.write.1.tlog
d:\my documents\gamedev\sem 8\data com\customgameenginelib\customgameenginelib\x64\debug\customga.b84b8035.tlog\lib.command.1.tlog
