d:\my documents\gamedev\sem 8\data com\customgameenginelib\customgameenginelib\x64\release\customgameenginelib.pdb
d:\my documents\gamedev\sem 8\data com\customgameenginelib\customgameenginelib\x64\release\shader.obj
d:\my documents\gamedev\sem 8\data com\customgameenginelib\customgameenginelib\x64\release\rotationaffector.obj
d:\my documents\gamedev\sem 8\data com\customgameenginelib\customgameenginelib\x64\release\quademittershape.obj
d:\my documents\gamedev\sem 8\data com\customgameenginelib\customgameenginelib\x64\release\pulsingaffector.obj
d:\my documents\gamedev\sem 8\data com\customgameenginelib\customgameenginelib\x64\release\particlesystem.obj
d:\my documents\gamedev\sem 8\data com\customgameenginelib\customgameenginelib\x64\release\particleobject.obj
d:\my documents\gamedev\sem 8\data com\customgameenginelib\customgameenginelib\x64\release\noiseaffector.obj
d:\my documents\gamedev\sem 8\data com\customgameenginelib\customgameenginelib\x64\release\matrix.obj
d:\my documents\gamedev\sem 8\data com\customgameenginelib\customgameenginelib\x64\release\input.obj
d:\my documents\gamedev\sem 8\data com\customgameenginelib\customgameenginelib\x64\release\gravityaffector.obj
d:\my documents\gamedev\sem 8\data com\customgameenginelib\customgameenginelib\x64\release\gameobject.obj
d:\my documents\gamedev\sem 8\data com\customgameenginelib\customgameenginelib\x64\release\curves.obj
d:\my documents\gamedev\sem 8\data com\customgameenginelib\customgameenginelib\x64\release\coloraffector.obj
d:\my documents\gamedev\sem 8\data com\customgameenginelib\customgameenginelib\x64\release\collidermanager.obj
d:\my documents\gamedev\sem 8\data com\customgameenginelib\customgameenginelib\x64\release\collider.obj
d:\my documents\gamedev\sem 8\data com\customgameenginelib\customgameenginelib\x64\release\circleringemittershape.obj
d:\my documents\gamedev\sem 8\data com\customgameenginelib\customgameenginelib\x64\release\circleemittershape.obj
d:\my documents\gamedev\sem 8\data com\customgameenginelib\customgameenginelib\x64\release\behavior.obj
d:\my documents\gamedev\sem 8\data com\customgameenginelib\customgameenginelib\x64\release\audio.obj
d:\my documents\gamedev\sem 8\data com\customgameenginelib\customgameenginelib\x64\release\application.obj
d:\my documents\gamedev\sem 8\data com\customgameenginelib\customgameenginelib\x64\release\vector.obj
d:\my documents\gamedev\sem 8\data com\customgameenginelib\customgameenginelib\x64\release\sprite.obj
d:\my documents\gamedev\sem 8\data com\customgameenginelib\customgameenginelib\x64\release\speedaffector.obj
d:\my documents\gamedev\sem 8\data com\customgameenginelib\customgameenginelib\x64\release\sizeaffector.obj
d:\my documents\gamedev\sem 8\data com\customgameenginelib\x64\release\customgameenginelib.lib
d:\my documents\gamedev\sem 8\data com\customgameenginelib\customgameenginelib\x64\release\customga.b84b8035.tlog\cl.command.1.tlog
d:\my documents\gamedev\sem 8\data com\customgameenginelib\customgameenginelib\x64\release\customga.b84b8035.tlog\cl.read.1.tlog
d:\my documents\gamedev\sem 8\data com\customgameenginelib\customgameenginelib\x64\release\customga.b84b8035.tlog\cl.write.1.tlog
d:\my documents\gamedev\sem 8\data com\customgameenginelib\customgameenginelib\x64\release\customga.b84b8035.tlog\lib-link.read.1.tlog
d:\my documents\gamedev\sem 8\data com\customgameenginelib\customgameenginelib\x64\release\customga.b84b8035.tlog\lib-link.write.1.tlog
d:\my documents\gamedev\sem 8\data com\customgameenginelib\customgameenginelib\x64\release\customga.b84b8035.tlog\lib.command.1.tlog
